<?xml version="1.0" encoding="UTF-8"?>
<!-- Generated by org.testng.reporters.JUnitReportReporter -->
<testsuite hostname="Babieca" name="GoogleDiverTest" tests="1" failures="0" timestamp="27 Jun 2017 22:08:05 GMT" time="6.225" errors="0">
  <testcase name="verifyWikepediaPageTittle" time="6.225" classname="GoogleDiverTest"/>
</testsuite> <!-- GoogleDiverTest -->
