<?xml version="1.0" encoding="UTF-8"?>
<!-- Generated by org.testng.reporters.JUnitReportReporter -->
<testsuite hostname="Babieca" name="GoogleLandingPage" tests="1" failures="0" timestamp="27 Jun 2017 21:48:57 GMT" time="2.265" errors="0">
  <testcase name="verifyGooglePageTittle" time="2.265" classname="GoogleLandingPage"/>
</testsuite> <!-- GoogleLandingPage -->
